<?xml version="1.0" encoding="UTF-8"?>
<!-- Generated by org.testng.reporters.JUnitXMLReporter -->
<testsuite hostname="LAPTOP-IS2QK44U" name="Test" tests="2" failures="0" timestamp="17 Jun 2017 07:33:20 GMT" time="52.139" errors="0">
  <testcase name="Addition" time="0.0" classname="com.java.selenium.testNgDemo.testNGDemo">
    <skipped/>
  </testcase> <!-- Addition -->
  <testcase name="loginPortal" time="51.89" classname="com.java.selenium.testNgDemo.testNGDemo"/>
</testsuite> <!-- Test -->
