<?xml version="1.0" encoding="UTF-8"?>
<!-- Generated by org.testng.reporters.JUnitXMLReporter -->
<testsuite hostname="user-PC" name="Test" tests="3" failures="0" timestamp="18 Jun 2016 10:51:13 GMT" time="0.113" errors="0">
  <testcase name="getBookinDT" time="0.027" classname="com.java.selenium.testNgDemo.testNGDemo"/>
  <testcase name="getBookinDT" time="0.002" classname="com.java.selenium.testNgDemo.testNGDemo"/>
  <testcase name="printResult" time="0.002" classname="com.java.selenium.testNgDemo.testNGDemo"/>
</testsuite> <!-- Test -->
